[01m[K/ws/src/voxel_detector/voxel_detector/src/dbscan_detector_node.cpp:136:9:[m[K [01;31m[Kerror: [m[Kexpected unqualified-id before â€˜[01m[Kreturn[m[Kâ€™
  136 |         [01;31m[Kreturn[m[K filtered;
      |         [01;31m[K^~~~~~[m[K
[01m[K/ws/src/voxel_detector/voxel_detector/src/dbscan_detector_node.cpp:[m[K In constructor â€˜[01m[KDBSCANDetectorNode::DBSCANDetectorNode()[m[Kâ€™:
[01m[K/ws/src/voxel_detector/voxel_detector/src/dbscan_detector_node.cpp:39:9:[m[K [01;31m[Kerror: [m[Kâ€˜[01m[Keps_[m[Kâ€™ was not declared in this scope
   39 |         [01;31m[Keps_[m[K = this->get_parameter("eps").as_double();
      |         [01;31m[K^~~~[m[K
[01m[K/ws/src/voxel_detector/voxel_detector/src/dbscan_detector_node.cpp:40:9:[m[K [01;31m[Kerror: [m[Kâ€˜[01m[Kmin_points_[m[Kâ€™ was not declared in this scope
   40 |         [01;31m[Kmin_points_[m[K = this->get_parameter("min_points").as_int();
      |         [01;31m[K^~~~~~~~~~~[m[K
[01m[K/ws/src/voxel_detector/voxel_detector/src/dbscan_detector_node.cpp:41:9:[m[K [01;31m[Kerror: [m[Kâ€˜[01m[Kleaf_size_[m[Kâ€™ was not declared in this scope
   41 |         [01;31m[Kleaf_size_[m[K = this->get_parameter("downsample_leaf_size").as_double();
      |         [01;31m[K^~~~~~~~~~[m[K
[01m[K/ws/src/voxel_detector/voxel_detector/src/dbscan_detector_node.cpp:42:9:[m[K [01;31m[Kerror: [m[Kâ€˜[01m[Kmin_cluster_size_[m[Kâ€™ was not declared in this scope
   42 |         [01;31m[Kmin_cluster_size_[m[K = this->get_parameter("min_cluster_size").as_int();
      |         [01;31m[K^~~~~~~~~~~~~~~~~[m[K
[01m[K/ws/src/voxel_detector/voxel_detector/src/dbscan_detector_node.cpp:43:9:[m[K [01;31m[Kerror: [m[Kâ€˜[01m[Kmax_cluster_size_[m[Kâ€™ was not declared in this scope
   43 |         [01;31m[Kmax_cluster_size_[m[K = this->get_parameter("max_cluster_size").as_int();
      |         [01;31m[K^~~~~~~~~~~~~~~~~[m[K
[01m[K/ws/src/voxel_detector/voxel_detector/src/dbscan_detector_node.cpp:44:9:[m[K [01;31m[Kerror: [m[Kâ€˜[01m[Kransac_thresh_[m[Kâ€™ was not declared in this scope
   44 |         [01;31m[Kransac_thresh_[m[K = this->get_parameter("ransac_distance_threshold").as_double();
      |         [01;31m[K^~~~~~~~~~~~~~[m[K
[01m[K/ws/src/voxel_detector/voxel_detector/src/dbscan_detector_node.cpp:45:9:[m[K [01;31m[Kerror: [m[Kâ€˜[01m[Kransac_iter_[m[Kâ€™ was not declared in this scope
   45 |         [01;31m[Kransac_iter_[m[K = this->get_parameter("ransac_max_iterations").as_int();
      |         [01;31m[K^~~~~~~~~~~~[m[K
[01m[K/ws/src/voxel_detector/voxel_detector/src/dbscan_detector_node.cpp:46:9:[m[K [01;31m[Kerror: [m[Kâ€˜[01m[Kmax_z_[m[Kâ€™ was not declared in this scope
   46 |         [01;31m[Kmax_z_[m[K = this->get_parameter("max_z_threshold").as_double();
      |         [01;31m[K^~~~~~[m[K
[01m[K/ws/src/voxel_detector/voxel_detector/src/dbscan_detector_node.cpp:47:9:[m[K [01;31m[Kerror: [m[Kâ€˜[01m[Kuse_height_extrapolation_[m[Kâ€™ was not declared in this scope
   47 |         [01;31m[Kuse_height_extrapolation_[m[K = this->get_parameter("use_height_extrapolation").as_bool();
      |         [01;31m[K^~~~~~~~~~~~~~~~~~~~~~~~~[m[K
[01m[K/ws/src/voxel_detector/voxel_detector/src/dbscan_detector_node.cpp:49:9:[m[K [01;31m[Kerror: [m[Kâ€˜[01m[Kroi_min_x_[m[Kâ€™ was not declared in this scope
   49 |         [01;31m[Kroi_min_x_[m[K = this->get_parameter("roi_min_x").as_double();
      |         [01;31m[K^~~~~~~~~~[m[K
[01m[K/ws/src/voxel_detector/voxel_detector/src/dbscan_detector_node.cpp:50:9:[m[K [01;31m[Kerror: [m[Kâ€˜[01m[Kroi_max_x_[m[Kâ€™ was not declared in this scope
   50 |         [01;31m[Kroi_max_x_[m[K = this->get_parameter("roi_max_x").as_double();
      |         [01;31m[K^~~~~~~~~~[m[K
[01m[K/ws/src/voxel_detector/voxel_detector/src/dbscan_detector_node.cpp:51:9:[m[K [01;31m[Kerror: [m[Kâ€˜[01m[Kroi_min_y_[m[Kâ€™ was not declared in this scope
   51 |         [01;31m[Kroi_min_y_[m[K = this->get_parameter("roi_min_y").as_double();
      |         [01;31m[K^~~~~~~~~~[m[K
[01m[K/ws/src/voxel_detector/voxel_detector/src/dbscan_detector_node.cpp:52:9:[m[K [01;31m[Kerror: [m[Kâ€˜[01m[Kroi_max_y_[m[Kâ€™ was not declared in this scope
   52 |         [01;31m[Kroi_max_y_[m[K = this->get_parameter("roi_max_y").as_double();
      |         [01;31m[K^~~~~~~~~~[m[K
[01m[K/ws/src/voxel_detector/voxel_detector/src/dbscan_detector_node.cpp:53:9:[m[K [01;31m[Kerror: [m[Kâ€˜[01m[Kuse_roi_filter_[m[Kâ€™ was not declared in this scope
   53 |         [01;31m[Kuse_roi_filter_[m[K = this->get_parameter("use_roi_filter").as_bool();
      |         [01;31m[K^~~~~~~~~~~~~~~[m[K
[01m[K/ws/src/voxel_detector/voxel_detector/src/dbscan_detector_node.cpp:56:9:[m[K [01;31m[Kerror: [m[Kâ€˜[01m[Ksub_[m[Kâ€™ was not declared in this scope
   56 |         [01;31m[Ksub_[m[K = this->create_subscription<sensor_msgs::msg::PointCloud2>(
      |         [01;31m[K^~~~[m[K
[01m[K/ws/src/voxel_detector/voxel_detector/src/dbscan_detector_node.cpp:58:44:[m[K [01;31m[Kerror: [m[Kâ€˜[01m[KcloudCallback[m[Kâ€™ is not a member of â€˜[01m[KDBSCANDetectorNode[m[Kâ€™
   58 |             std::bind(&DBSCANDetectorNode::[01;31m[KcloudCallback[m[K, this, std::placeholders::_1));
      |                                            [01;31m[K^~~~~~~~~~~~~[m[K
[01m[K/ws/src/voxel_detector/voxel_detector/src/dbscan_detector_node.cpp:60:9:[m[K [01;31m[Kerror: [m[Kâ€˜[01m[Kpub_[m[Kâ€™ was not declared in this scope
   60 |         [01;31m[Kpub_[m[K = this->create_publisher<visualization_msgs::msg::MarkerArray>(
      |         [01;31m[K^~~~[m[K
[01m[K/ws/src/voxel_detector/voxel_detector/src/dbscan_detector_node.cpp:[m[K In member function â€˜[01m[Kpcl::PointCloud<pcl::PointXYZ>::Ptr DBSCANDetectorNode::downsampleCloud(const Ptr&)[m[Kâ€™:
[01m[K/ws/src/voxel_detector/voxel_detector/src/dbscan_detector_node.cpp:87:13:[m[K [01;31m[Kerror: [m[Kâ€˜[01m[Kleaf_size_[m[Kâ€™ was not declared in this scope
   87 |         if ([01;31m[Kleaf_size_[m[K > 0.0) {
      |             [01;31m[K^~~~~~~~~~[m[K
[01m[K/ws/src/voxel_detector/voxel_detector/src/dbscan_detector_node.cpp:[m[K In member function â€˜[01m[Kpcl::PointCloud<pcl::PointXYZ>::Ptr DBSCANDetectorNode::removeGroundPlane(const Ptr&)[m[Kâ€™:
[01m[K/ws/src/voxel_detector/voxel_detector/src/dbscan_detector_node.cpp:105:37:[m[K [01;31m[Kerror: [m[Kâ€˜[01m[Kransac_thresh_[m[Kâ€™ was not declared in this scope
  105 |         ransac.setDistanceThreshold([01;31m[Kransac_thresh_[m[K);
      |                                     [01;31m[K^~~~~~~~~~~~~~[m[K
[01m[K/ws/src/voxel_detector/voxel_detector/src/dbscan_detector_node.cpp:106:33:[m[K [01;31m[Kerror: [m[Kâ€˜[01m[Kransac_iter_[m[Kâ€™ was not declared in this scope
  106 |         ransac.setMaxIterations([01;31m[Kransac_iter_[m[K);
      |                                 [01;31m[K^~~~~~~~~~~~[m[K
[01m[K/ws/src/voxel_detector/voxel_detector/src/dbscan_detector_node.cpp:124:28:[m[K [01;31m[Kerror: [m[Kâ€˜[01m[Kmax_z_[m[Kâ€™ was not declared in this scope
  124 |             if (point.z >= [01;31m[Kmax_z_[m[K) continue;
      |                            [01;31m[K^~~~~~[m[K
[01m[K/ws/src/voxel_detector/voxel_detector/src/dbscan_detector_node.cpp:127:17:[m[K [01;31m[Kerror: [m[Kâ€˜[01m[Kuse_roi_filter_[m[Kâ€™ was not declared in this scope
  127 |             if ([01;31m[Kuse_roi_filter_[m[K) {
      |                 [01;31m[K^~~~~~~~~~~~~~~[m[K
[01m[K/ws/src/voxel_detector/voxel_detector/src/dbscan_detector_node.cpp:128:31:[m[K [01;31m[Kerror: [m[Kâ€˜[01m[Kroi_min_x_[m[Kâ€™ was not declared in this scope
  128 |                 if (point.x < [01;31m[Kroi_min_x_[m[K || point.x > roi_max_x_) continue;
      |                               [01;31m[K^~~~~~~~~~[m[K
[01m[K/ws/src/voxel_detector/voxel_detector/src/dbscan_detector_node.cpp:128:55:[m[K [01;31m[Kerror: [m[Kâ€˜[01m[Kroi_max_x_[m[Kâ€™ was not declared in this scope
  128 |                 if (point.x < roi_min_x_ || point.x > [01;31m[Kroi_max_x_[m[K) continue;
      |                                                       [01;31m[K^~~~~~~~~~[m[K
[01m[K/ws/src/voxel_detector/voxel_detector/src/dbscan_detector_node.cpp:129:31:[m[K [01;31m[Kerror: [m[Kâ€˜[01m[Kroi_min_y_[m[Kâ€™ was not declared in this scope
  129 |                 if (point.y < [01;31m[Kroi_min_y_[m[K || point.y > roi_max_y_) continue;
      |                               [01;31m[K^~~~~~~~~~[m[K
[01m[K/ws/src/voxel_detector/voxel_detector/src/dbscan_detector_node.cpp:129:55:[m[K [01;31m[Kerror: [m[Kâ€˜[01m[Kroi_max_y_[m[Kâ€™ was not declared in this scope
  129 |                 if (point.y < roi_min_y_ || point.y > [01;31m[Kroi_max_y_[m[K) continue;
      |                                                       [01;31m[K^~~~~~~~~~[m[K
[01m[K/ws/src/voxel_detector/voxel_detector/src/dbscan_detector_node.cpp:134:9:[m[K [01;35m[Kwarning: [m[Kno return statement in function returning non-void [[01;35m[K]8;;https://gcc.gnu.org/onlinedocs/gcc/Warning-Options.html#index-Wreturn-type-Wreturn-type]8;;[m[K]
  134 |         [01;35m[K}[m[K
      |         [01;35m[K^[m[K
[01m[K/ws/src/voxel_detector/voxel_detector/src/dbscan_detector_node.cpp:[m[K At global scope:
[01m[K/ws/src/voxel_detector/voxel_detector/src/dbscan_detector_node.cpp:139:36:[m[K [01;31m[Kerror: [m[Kinvalid declarator before â€˜[01m[KdbscanClustering[m[Kâ€™
  139 |     std::vector<pcl::PointIndices> [01;31m[KdbscanClustering[m[K(
      |                                    [01;31m[K^~~~~~~~~~~~~~~~[m[K
[01m[K/ws/src/voxel_detector/voxel_detector/src/dbscan_detector_node.cpp:221:5:[m[K [01;31m[Kerror: [m[Kâ€˜[01m[KBoundingBox[m[Kâ€™ does not name a type
  221 |     [01;31m[KBoundingBox[m[K computeBoundingBox(
      |     [01;31m[K^~~~~~~~~~~[m[K
[01m[K/ws/src/voxel_detector/voxel_detector/src/dbscan_detector_node.cpp:[m[K In function â€˜[01m[Kvoid cloudCallback(sensor_msgs::msg::PointCloud2_<std::allocator<void> >::SharedPtr)[m[Kâ€™:
[01m[K/ws/src/voxel_detector/voxel_detector/src/dbscan_detector_node.cpp:264:59:[m[K [01;31m[Kerror: [m[Kâ€˜[01m[KdownsampleCloud[m[Kâ€™ was not declared in this scope; did you mean â€˜[01m[Kdownsampled[m[Kâ€™?
  264 |         pcl::PointCloud<pcl::PointXYZ>::Ptr downsampled = [01;31m[KdownsampleCloud[m[K(cloud);
      |                                                           [01;31m[K^~~~~~~~~~~~~~~[m[K
      |                                                           [32m[Kdownsampled[m[K
[01m[K/ws/src/voxel_detector/voxel_detector/src/dbscan_detector_node.cpp:267:56:[m[K [01;31m[Kerror: [m[Kâ€˜[01m[KremoveGroundPlane[m[Kâ€™ was not declared in this scope
  267 |         pcl::PointCloud<pcl::PointXYZ>::Ptr filtered = [01;31m[KremoveGroundPlane[m[K(downsampled);
      |                                                        [01;31m[K^~~~~~~~~~~~~~~~~[m[K
In file included from [01m[K/opt/ros/humble/include/rclcpp/rclcpp/client.hpp:40[m[K,
                 from [01m[K/opt/ros/humble/include/rclcpp/rclcpp/callback_group.hpp:24[m[K,
                 from [01m[K/opt/ros/humble/include/rclcpp/rclcpp/any_executable.hpp:20[m[K,
                 from [01m[K/opt/ros/humble/include/rclcpp/rclcpp/memory_strategy.hpp:25[m[K,
                 from [01m[K/opt/ros/humble/include/rclcpp/rclcpp/memory_strategies.hpp:18[m[K,
                 from [01m[K/opt/ros/humble/include/rclcpp/rclcpp/executor_options.hpp:20[m[K,
                 from [01m[K/opt/ros/humble/include/rclcpp/rclcpp/executor.hpp:37[m[K,
                 from [01m[K/opt/ros/humble/include/rclcpp/rclcpp/executors/multi_threaded_executor.hpp:25[m[K,
                 from [01m[K/opt/ros/humble/include/rclcpp/rclcpp/executors.hpp:21[m[K,
                 from [01m[K/opt/ros/humble/include/rclcpp/rclcpp/rclcpp.hpp:155[m[K,
                 from [01m[K/ws/src/voxel_detector/voxel_detector/src/dbscan_detector_node.cpp:1[m[K:
[01m[K/ws/src/voxel_detector/voxel_detector/src/dbscan_detector_node.cpp:270:25:[m[K [01;31m[Kerror: [m[Kinvalid use of â€˜[01m[Kthis[m[Kâ€™ in non-member function
  270 |             RCLCPP_WARN([01;31m[Kthis[m[K->get_logger(), "No points after ground removal");
      |                         [01;31m[K^~~~[m[K
[01m[K/ws/src/voxel_detector/voxel_detector/src/dbscan_detector_node.cpp:270:25:[m[K [01;31m[Kerror: [m[Kinvalid use of â€˜[01m[Kthis[m[Kâ€™ in non-member function
[01m[K/ws/src/voxel_detector/voxel_detector/src/dbscan_detector_node.cpp:270:13:[m[K [01;31m[Kerror: [m[Ktemplate argument 1 is invalid
  270 |             [01;31m[KRCLCPP_WARN[m[K(this->get_logger(), "No points after ground removal");
      |             [01;31m[K^~~~~~~~~~~[m[K
In file included from [01m[K/opt/ros/humble/include/rclcpp/rclcpp/logging.hpp:24[m[K,
                 from [01m[K/opt/ros/humble/include/rclcpp/rclcpp/client.hpp:40[m[K,
                 from [01m[K/opt/ros/humble/include/rclcpp/rclcpp/callback_group.hpp:24[m[K,
                 from [01m[K/opt/ros/humble/include/rclcpp/rclcpp/any_executable.hpp:20[m[K,
                 from [01m[K/opt/ros/humble/include/rclcpp/rclcpp/memory_strategy.hpp:25[m[K,
                 from [01m[K/opt/ros/humble/include/rclcpp/rclcpp/memory_strategies.hpp:18[m[K,
                 from [01m[K/opt/ros/humble/include/rclcpp/rclcpp/executor_options.hpp:20[m[K,
                 from [01m[K/opt/ros/humble/include/rclcpp/rclcpp/executor.hpp:37[m[K,
                 from [01m[K/opt/ros/humble/include/rclcpp/rclcpp/executors/multi_threaded_executor.hpp:25[m[K,
                 from [01m[K/opt/ros/humble/include/rclcpp/rclcpp/executors.hpp:21[m[K,
                 from [01m[K/opt/ros/humble/include/rclcpp/rclcpp/rclcpp.hpp:155[m[K,
                 from [01m[K/ws/src/voxel_detector/voxel_detector/src/dbscan_detector_node.cpp:1[m[K:
[01m[K/ws/src/voxel_detector/voxel_detector/src/dbscan_detector_node.cpp:270:25:[m[K [01;31m[Kerror: [m[Kinvalid use of â€˜[01m[Kthis[m[Kâ€™ in non-member function
  270 |             RCLCPP_WARN([01;31m[Kthis[m[K->get_logger(), "No points after ground removal");
      |                         [01;31m[K^~~~[m[K
[01m[K/ws/src/voxel_detector/voxel_detector/src/dbscan_detector_node.cpp:270:25:[m[K [01;31m[Kerror: [m[Kinvalid use of â€˜[01m[Kthis[m[Kâ€™ in non-member function
  270 |             RCLCPP_WARN([01;31m[Kthis[m[K->get_logger(), "No points after ground removal");
      |                         [01;31m[K^~~~[m[K
[01m[K/ws/src/voxel_detector/voxel_detector/src/dbscan_detector_node.cpp:275:51:[m[K [01;31m[Kerror: [m[Kâ€˜[01m[KdbscanClustering[m[Kâ€™ was not declared in this scope
  275 |         std::vector<pcl::PointIndices> clusters = [01;31m[KdbscanClustering[m[K(filtered);
      |                                                   [01;31m[K^~~~~~~~~~~~~~~~[m[K
[01m[K/ws/src/voxel_detector/voxel_detector/src/dbscan_detector_node.cpp:278:21:[m[K [01;31m[Kerror: [m[Kâ€˜[01m[KBoundingBox[m[Kâ€™ was not declared in this scope
  278 |         std::vector<[01;31m[KBoundingBox[m[K> bboxes;
      |                     [01;31m[K^~~~~~~~~~~[m[K
[01m[K/ws/src/voxel_detector/voxel_detector/src/dbscan_detector_node.cpp:278:32:[m[K [01;31m[Kerror: [m[Ktemplate argument 1 is invalid
  278 |         std::vector<BoundingBox[01;31m[K>[m[K bboxes;
      |                                [01;31m[K^[m[K
[01m[K/ws/src/voxel_detector/voxel_detector/src/dbscan_detector_node.cpp:278:32:[m[K [01;31m[Kerror: [m[Ktemplate argument 2 is invalid
[01m[K/ws/src/voxel_detector/voxel_detector/src/dbscan_detector_node.cpp:280:20:[m[K [01;31m[Kerror: [m[Krequest for member â€˜[01m[Kpush_back[m[Kâ€™ in â€˜[01m[Kbboxes[m[Kâ€™, which is of non-class type â€˜[01m[Kint[m[Kâ€™
  280 |             bboxes.[01;31m[Kpush_back[m[K(computeBoundingBox(filtered, cluster));
      |                    [01;31m[K^~~~~~~~~[m[K
[01m[K/ws/src/voxel_detector/voxel_detector/src/dbscan_detector_node.cpp:280:30:[m[K [01;31m[Kerror: [m[Kâ€˜[01m[KcomputeBoundingBox[m[Kâ€™ was not declared in this scope
  280 |             bboxes.push_back([01;31m[KcomputeBoundingBox[m[K(filtered, cluster));
      |                              [01;31m[K^~~~~~~~~~~~~~~~~~[m[K
[01m[K/ws/src/voxel_detector/voxel_detector/src/dbscan_detector_node.cpp:284:9:[m[K [01;31m[Kerror: [m[Kâ€˜[01m[KpublishBoundingBoxes[m[Kâ€™ was not declared in this scope
  284 |         [01;31m[KpublishBoundingBoxes[m[K(bboxes, msg->header);
      |         [01;31m[K^~~~~~~~~~~~~~~~~~~~[m[K
In file included from [01m[K/opt/ros/humble/include/rclcpp/rclcpp/client.hpp:40[m[K,
                 from [01m[K/opt/ros/humble/include/rclcpp/rclcpp/callback_group.hpp:24[m[K,
                 from [01m[K/opt/ros/humble/include/rclcpp/rclcpp/any_executable.hpp:20[m[K,
                 from [01m[K/opt/ros/humble/include/rclcpp/rclcpp/memory_strategy.hpp:25[m[K,
                 from [01m[K/opt/ros/humble/include/rclcpp/rclcpp/memory_strategies.hpp:18[m[K,
                 from [01m[K/opt/ros/humble/include/rclcpp/rclcpp/executor_options.hpp:20[m[K,
                 from [01m[K/opt/ros/humble/include/rclcpp/rclcpp/executor.hpp:37[m[K,
                 from [01m[K/opt/ros/humble/include/rclcpp/rclcpp/executors/multi_threaded_executor.hpp:25[m[K,
                 from [01m[K/opt/ros/humble/include/rclcpp/rclcpp/executors.hpp:21[m[K,
                 from [01m[K/opt/ros/humble/include/rclcpp/rclcpp/rclcpp.hpp:155[m[K,
                 from [01m[K/ws/src/voxel_detector/voxel_detector/src/dbscan_detector_node.cpp:1[m[K:
[01m[K/ws/src/voxel_detector/voxel_detector/src/dbscan_detector_node.cpp:289:21:[m[K [01;31m[Kerror: [m[Kinvalid use of â€˜[01m[Kthis[m[Kâ€™ in non-member function
  289 |         RCLCPP_INFO([01;31m[Kthis[m[K->get_logger(),
      |                     [01;31m[K^~~~[m[K
[01m[K/ws/src/voxel_detector/voxel_detector/src/dbscan_detector_node.cpp:289:21:[m[K [01;31m[Kerror: [m[Kinvalid use of â€˜[01m[Kthis[m[Kâ€™ in non-member function
[01m[K/ws/src/voxel_detector/voxel_detector/src/dbscan_detector_node.cpp:289:9:[m[K [01;31m[Kerror: [m[Ktemplate argument 1 is invalid
  289 |         [01;31m[KRCLCPP_INFO[m[K(this->get_logger(),
      |         [01;31m[K^~~~~~~~~~~[m[K
In file included from [01m[K/opt/ros/humble/include/rclcpp/rclcpp/logging.hpp:24[m[K,
                 from [01m[K/opt/ros/humble/include/rclcpp/rclcpp/client.hpp:40[m[K,
                 from [01m[K/opt/ros/humble/include/rclcpp/rclcpp/callback_group.hpp:24[m[K,
                 from [01m[K/opt/ros/humble/include/rclcpp/rclcpp/any_executable.hpp:20[m[K,
                 from [01m[K/opt/ros/humble/include/rclcpp/rclcpp/memory_strategy.hpp:25[m[K,
                 from [01m[K/opt/ros/humble/include/rclcpp/rclcpp/memory_strategies.hpp:18[m[K,
                 from [01m[K/opt/ros/humble/include/rclcpp/rclcpp/executor_options.hpp:20[m[K,
                 from [01m[K/opt/ros/humble/include/rclcpp/rclcpp/executor.hpp:37[m[K,
                 from [01m[K/opt/ros/humble/include/rclcpp/rclcpp/executors/multi_threaded_executor.hpp:25[m[K,
                 from [01m[K/opt/ros/humble/include/rclcpp/rclcpp/executors.hpp:21[m[K,
                 from [01m[K/opt/ros/humble/include/rclcpp/rclcpp/rclcpp.hpp:155[m[K,
                 from [01m[K/ws/src/voxel_detector/voxel_detector/src/dbscan_detector_node.cpp:1[m[K:
[01m[K/ws/src/voxel_detector/voxel_detector/src/dbscan_detector_node.cpp:289:21:[m[K [01;31m[Kerror: [m[Kinvalid use of â€˜[01m[Kthis[m[Kâ€™ in non-member function
  289 |         RCLCPP_INFO([01;31m[Kthis[m[K->get_logger(),
      |                     [01;31m[K^~~~[m[K
[01m[K/ws/src/voxel_detector/voxel_detector/src/dbscan_detector_node.cpp:289:21:[m[K [01;31m[Kerror: [m[Kinvalid use of â€˜[01m[Kthis[m[Kâ€™ in non-member function
  289 |         RCLCPP_INFO([01;31m[Kthis[m[K->get_logger(),
      |                     [01;31m[K^~~~[m[K
[01m[K/ws/src/voxel_detector/voxel_detector/src/dbscan_detector_node.cpp:292:28:[m[K [01;31m[Kerror: [m[Krequest for member â€˜[01m[Ksize[m[Kâ€™ in â€˜[01m[Kbboxes[m[Kâ€™, which is of non-class type â€˜[01m[Kint[m[Kâ€™
  292 |                     bboxes.[01;31m[Ksize[m[K(), duration.count(), 1000.0 / duration.count());
      |                            [01;31m[K^~~~[m[K
[01m[K/ws/src/voxel_detector/voxel_detector/src/dbscan_detector_node.cpp:[m[K At global scope:
[01m[K/ws/src/voxel_detector/voxel_detector/src/dbscan_detector_node.cpp:295:49:[m[K [01;31m[Kerror: [m[Kâ€˜[01m[KBoundingBox[m[Kâ€™ was not declared in this scope
  295 |     void publishBoundingBoxes(const std::vector<[01;31m[KBoundingBox[m[K>& bboxes,
      |                                                 [01;31m[K^~~~~~~~~~~[m[K
[01m[K/ws/src/voxel_detector/voxel_detector/src/dbscan_detector_node.cpp:295:60:[m[K [01;31m[Kerror: [m[Ktemplate argument 1 is invalid
  295 |     void publishBoundingBoxes(const std::vector<BoundingBox[01;31m[K>[m[K& bboxes,
      |                                                            [01;31m[K^[m[K
[01m[K/ws/src/voxel_detector/voxel_detector/src/dbscan_detector_node.cpp:295:60:[m[K [01;31m[Kerror: [m[Ktemplate argument 2 is invalid
[01m[K/ws/src/voxel_detector/voxel_detector/src/dbscan_detector_node.cpp:[m[K In function â€˜[01m[Kvoid publishBoundingBoxes(const int&, const Header&)[m[Kâ€™:
[01m[K/ws/src/voxel_detector/voxel_detector/src/dbscan_detector_node.cpp:300:39:[m[K [01;31m[Kerror: [m[Krequest for member â€˜[01m[Ksize[m[Kâ€™ in â€˜[01m[Kbboxes[m[Kâ€™, which is of non-class type â€˜[01m[Kconst int[m[Kâ€™
  300 |         for (size_t i = 0; i < bboxes.[01;31m[Ksize[m[K(); ++i) {
      |                                       [01;31m[K^~~~[m[K
[01m[K/ws/src/voxel_detector/voxel_detector/src/dbscan_detector_node.cpp:301:38:[m[K [01;31m[Kerror: [m[Kinvalid types â€˜[01m[Kconst int[size_t {aka long unsigned int}][m[Kâ€™ for array subscript
  301 |             const auto& bbox = bboxes[01;31m[K[[m[Ki];
      |                                      [01;31m[K^[m[K
[01m[K/ws/src/voxel_detector/voxel_detector/src/dbscan_detector_node.cpp:357:9:[m[K [01;31m[Kerror: [m[Kâ€˜[01m[Kpub_[m[Kâ€™ was not declared in this scope
  357 |         [01;31m[Kpub_[m[K->publish(marker_array);
      |         [01;31m[K^~~~[m[K
[01m[K/ws/src/voxel_detector/voxel_detector/src/dbscan_detector_node.cpp:[m[K At global scope:
[01m[K/ws/src/voxel_detector/voxel_detector/src/dbscan_detector_node.cpp:379:1:[m[K [01;31m[Kerror: [m[Kexpected declaration before â€˜[01m[K}[m[Kâ€™ token
  379 | [01;31m[K}[m[K;
      | [01;31m[K^[m[K
gmake[2]: *** [CMakeFiles/dbscan_detector_node.dir/build.make:79: CMakeFiles/dbscan_detector_node.dir/src/dbscan_detector_node.cpp.o] Error 1
gmake[1]: *** [CMakeFiles/Makefile2:196: CMakeFiles/dbscan_detector_node.dir/all] Error 2
gmake: *** [Makefile:149: all] Error 2
