[0.009s] Invoking command in '/ws/build/voxel_detector': CMAKE_PREFIX_PATH=${CMAKE_PREFIX_PATH}:/opt/ros/humble /usr/bin/cmake --build /ws/build/voxel_detector -- -j5 -l5
[0.022s] /usr/bin/cmake -S/ws/src/voxel_detector/voxel_detector -B/ws/build/voxel_detector --check-build-system CMakeFiles/Makefile.cmake 0
[0.040s] /usr/bin/cmake -E cmake_progress_start /ws/build/voxel_detector/CMakeFiles /ws/build/voxel_detector//CMakeFiles/progress.marks
[0.044s] /usr/bin/gmake  -f CMakeFiles/Makefile2 all
[0.045s] gmake[1]: Entering directory '/ws/build/voxel_detector'
[0.045s] /usr/bin/gmake  -f CMakeFiles/voxel_detector_node.dir/build.make CMakeFiles/voxel_detector_node.dir/depend
[0.045s] /usr/bin/gmake  -f CMakeFiles/euclidean_detector_node.dir/build.make CMakeFiles/euclidean_detector_node.dir/depend
[0.046s] /usr/bin/gmake  -f CMakeFiles/dbscan_detector_node.dir/build.make CMakeFiles/dbscan_detector_node.dir/depend
[0.049s] gmake[2]: Entering directory '/ws/build/voxel_detector'
[0.049s] cd /ws/build/voxel_detector && /usr/bin/cmake -E cmake_depends "Unix Makefiles" /ws/src/voxel_detector/voxel_detector /ws/src/voxel_detector/voxel_detector /ws/build/voxel_detector /ws/build/voxel_detector /ws/build/voxel_detector/CMakeFiles/voxel_detector_node.dir/DependInfo.cmake --color=
[0.049s] gmake[2]: Entering directory '/ws/build/voxel_detector'
[0.049s] cd /ws/build/voxel_detector && /usr/bin/cmake -E cmake_depends "Unix Makefiles" /ws/src/voxel_detector/voxel_detector /ws/src/voxel_detector/voxel_detector /ws/build/voxel_detector /ws/build/voxel_detector /ws/build/voxel_detector/CMakeFiles/dbscan_detector_node.dir/DependInfo.cmake --color=
[0.049s] gmake[2]: Entering directory '/ws/build/voxel_detector'
[0.049s] cd /ws/build/voxel_detector && /usr/bin/cmake -E cmake_depends "Unix Makefiles" /ws/src/voxel_detector/voxel_detector /ws/src/voxel_detector/voxel_detector /ws/build/voxel_detector /ws/build/voxel_detector /ws/build/voxel_detector/CMakeFiles/euclidean_detector_node.dir/DependInfo.cmake --color=
[0.054s] Dependencies file "CMakeFiles/dbscan_detector_node.dir/src/dbscan_detector_node.cpp.o.d" is newer than depends file "/ws/build/voxel_detector/CMakeFiles/dbscan_detector_node.dir/compiler_depend.internal".
[0.055s] gmake[2]: Leaving directory '/ws/build/voxel_detector'
[0.055s] gmake[2]: Leaving directory '/ws/build/voxel_detector'
[0.055s] /usr/bin/gmake  -f CMakeFiles/voxel_detector_node.dir/build.make CMakeFiles/voxel_detector_node.dir/build
[0.056s] /usr/bin/gmake  -f CMakeFiles/euclidean_detector_node.dir/build.make CMakeFiles/euclidean_detector_node.dir/build
[0.056s] [35m[1mConsolidate compiler generated dependencies of target dbscan_detector_node[0m
[0.061s] gmake[2]: Leaving directory '/ws/build/voxel_detector'
[0.061s] /usr/bin/gmake  -f CMakeFiles/dbscan_detector_node.dir/build.make CMakeFiles/dbscan_detector_node.dir/build
[0.071s] gmake[2]: Entering directory '/ws/build/voxel_detector'
[0.072s] gmake[2]: Entering directory '/ws/build/voxel_detector'
[0.072s] gmake[2]: Entering directory '/ws/build/voxel_detector'
[0.072s] gmake[2]: Nothing to be done for 'CMakeFiles/euclidean_detector_node.dir/build'.
[0.072s] gmake[2]: Nothing to be done for 'CMakeFiles/voxel_detector_node.dir/build'.
[0.072s] gmake[2]: Leaving directory '/ws/build/voxel_detector'
[0.072s] gmake[2]: Leaving directory '/ws/build/voxel_detector'
[0.075s] [ 16%] [32mBuilding CXX object CMakeFiles/dbscan_detector_node.dir/src/dbscan_detector_node.cpp.o[0m
[0.075s] [ 50%] Built target euclidean_detector_node
[0.075s] /usr/bin/c++ -DBOOST_ALL_NO_LIB -DBOOST_DATE_TIME_DYN_LINK -DBOOST_FILESYSTEM_DYN_LINK -DBOOST_IOSTREAMS_DYN_LINK -DBOOST_SERIALIZATION_DYN_LINK -DBOOST_SYSTEM_DYN_LINK -DDEFAULT_RMW_IMPLEMENTATION=rmw_fastrtps_cpp -DDISABLE_PCAP -DFASTCDR_DYN_LINK -DQT_CORE_LIB -DQT_GUI_LIB -DQT_NO_DEBUG -DQT_OPENGL_LIB -DQT_WIDGETS_LIB -DRCUTILS_ENABLE_FAULT_INJECTION -Dkiss_fft_scalar=double -I/opt/ros/humble/include/pcl_conversions -I/opt/ros/humble/include/message_filters -isystem /usr/include/pcl-1.12 -isystem /usr/include/eigen3 -isystem /usr/include/ni -isystem /usr/include/openni2 -isystem /opt/ros/humble/include/rclcpp -isystem /opt/ros/humble/include/sensor_msgs -isystem /opt/ros/humble/include/visualization_msgs -isystem /opt/ros/humble/include/pcl_msgs -isystem /opt/ros/humble/include/std_msgs -isystem /opt/ros/humble/include/ament_index_cpp -isystem /opt/ros/humble/include/libstatistics_collector -isystem /opt/ros/humble/include/builtin_interfaces -isystem /opt/ros/humble/include/rosidl_runtime_c -isystem /opt/ros/humble/include/rcutils -isystem /opt/ros/humble/include/rosidl_typesupport_interface -isystem /opt/ros/humble/include/fastcdr -isystem /opt/ros/humble/include/rosidl_runtime_cpp -isystem /opt/ros/humble/include/rosidl_typesupport_fastrtps_cpp -isystem /opt/ros/humble/include/rmw -isystem /opt/ros/humble/include/rosidl_typesupport_fastrtps_c -isystem /opt/ros/humble/include/rosidl_typesupport_introspection_c -isystem /opt/ros/humble/include/rosidl_typesupport_introspection_cpp -isystem /opt/ros/humble/include/rcl -isystem /opt/ros/humble/include/rcl_interfaces -isystem /opt/ros/humble/include/rcl_logging_interface -isystem /opt/ros/humble/include/rcl_yaml_param_parser -isystem /opt/ros/humble/include/libyaml_vendor -isystem /opt/ros/humble/include/tracetools -isystem /opt/ros/humble/include/rcpputils -isystem /opt/ros/humble/include/statistics_msgs -isystem /opt/ros/humble/include/rosgraph_msgs -isystem /opt/ros/humble/include/rosidl_typesupport_cpp -isystem /opt/ros/humble/include/rosidl_typesupport_c -isystem /opt/ros/humble/include/geometry_msgs -isystem /usr/include/vtk-9.1 -isystem /usr/include/jsoncpp -isystem /usr/include/freetype2 -isystem /usr/include/aarch64-linux-gnu/qt5 -isystem /usr/include/aarch64-linux-gnu/qt5/QtOpenGL -isystem /usr/include/aarch64-linux-gnu/qt5/QtWidgets -isystem /usr/include/aarch64-linux-gnu/qt5/QtGui -isystem /usr/include/aarch64-linux-gnu/qt5/QtCore -isystem /usr/lib/aarch64-linux-gnu/qt5/mkspecs/linux-g++ -Wall -Wextra -Wpedantic -O3 -fPIC -MD -MT CMakeFiles/dbscan_detector_node.dir/src/dbscan_detector_node.cpp.o -MF CMakeFiles/dbscan_detector_node.dir/src/dbscan_detector_node.cpp.o.d -o CMakeFiles/dbscan_detector_node.dir/src/dbscan_detector_node.cpp.o -c /ws/src/voxel_detector/voxel_detector/src/dbscan_detector_node.cpp
[0.075s] [ 83%] Built target voxel_detector_node
[3.002s] [01m[K/ws/src/voxel_detector/voxel_detector/src/dbscan_detector_node.cpp:136:9:[m[K [01;31m[Kerror: [m[Kexpected unqualified-id before â€˜[01m[Kreturn[m[Kâ€™
[3.002s]   136 |         [01;31m[Kreturn[m[K filtered;
[3.002s]       |         [01;31m[K^~~~~~[m[K
[3.047s] [01m[K/ws/src/voxel_detector/voxel_detector/src/dbscan_detector_node.cpp:[m[K In constructor â€˜[01m[KDBSCANDetectorNode::DBSCANDetectorNode()[m[Kâ€™:
[3.047s] [01m[K/ws/src/voxel_detector/voxel_detector/src/dbscan_detector_node.cpp:39:9:[m[K [01;31m[Kerror: [m[Kâ€˜[01m[Keps_[m[Kâ€™ was not declared in this scope
[3.047s]    39 |         [01;31m[Keps_[m[K = this->get_parameter("eps").as_double();
[3.047s]       |         [01;31m[K^~~~[m[K
[3.057s] [01m[K/ws/src/voxel_detector/voxel_detector/src/dbscan_detector_node.cpp:40:9:[m[K [01;31m[Kerror: [m[Kâ€˜[01m[Kmin_points_[m[Kâ€™ was not declared in this scope
[3.057s]    40 |         [01;31m[Kmin_points_[m[K = this->get_parameter("min_points").as_int();
[3.057s]       |         [01;31m[K^~~~~~~~~~~[m[K
[3.066s] [01m[K/ws/src/voxel_detector/voxel_detector/src/dbscan_detector_node.cpp:41:9:[m[K [01;31m[Kerror: [m[Kâ€˜[01m[Kleaf_size_[m[Kâ€™ was not declared in this scope
[3.066s]    41 |         [01;31m[Kleaf_size_[m[K = this->get_parameter("downsample_leaf_size").as_double();
[3.066s]       |         [01;31m[K^~~~~~~~~~[m[K
[3.082s] [01m[K/ws/src/voxel_detector/voxel_detector/src/dbscan_detector_node.cpp:42:9:[m[K [01;31m[Kerror: [m[Kâ€˜[01m[Kmin_cluster_size_[m[Kâ€™ was not declared in this scope
[3.082s]    42 |         [01;31m[Kmin_cluster_size_[m[K = this->get_parameter("min_cluster_size").as_int();
[3.082s]       |         [01;31m[K^~~~~~~~~~~~~~~~~[m[K
[3.098s] [01m[K/ws/src/voxel_detector/voxel_detector/src/dbscan_detector_node.cpp:43:9:[m[K [01;31m[Kerror: [m[Kâ€˜[01m[Kmax_cluster_size_[m[Kâ€™ was not declared in this scope
[3.098s]    43 |         [01;31m[Kmax_cluster_size_[m[K = this->get_parameter("max_cluster_size").as_int();
[3.098s]       |         [01;31m[K^~~~~~~~~~~~~~~~~[m[K
[3.110s] [01m[K/ws/src/voxel_detector/voxel_detector/src/dbscan_detector_node.cpp:44:9:[m[K [01;31m[Kerror: [m[Kâ€˜[01m[Kransac_thresh_[m[Kâ€™ was not declared in this scope
[3.110s]    44 |         [01;31m[Kransac_thresh_[m[K = this->get_parameter("ransac_distance_threshold").as_double();
[3.110s]       |         [01;31m[K^~~~~~~~~~~~~~[m[K
[3.121s] [01m[K/ws/src/voxel_detector/voxel_detector/src/dbscan_detector_node.cpp:45:9:[m[K [01;31m[Kerror: [m[Kâ€˜[01m[Kransac_iter_[m[Kâ€™ was not declared in this scope
[3.121s]    45 |         [01;31m[Kransac_iter_[m[K = this->get_parameter("ransac_max_iterations").as_int();
[3.121s]       |         [01;31m[K^~~~~~~~~~~~[m[K
[3.128s] [01m[K/ws/src/voxel_detector/voxel_detector/src/dbscan_detector_node.cpp:46:9:[m[K [01;31m[Kerror: [m[Kâ€˜[01m[Kmax_z_[m[Kâ€™ was not declared in this scope
[3.128s]    46 |         [01;31m[Kmax_z_[m[K = this->get_parameter("max_z_threshold").as_double();
[3.128s]       |         [01;31m[K^~~~~~[m[K
[3.149s] [01m[K/ws/src/voxel_detector/voxel_detector/src/dbscan_detector_node.cpp:47:9:[m[K [01;31m[Kerror: [m[Kâ€˜[01m[Kuse_height_extrapolation_[m[Kâ€™ was not declared in this scope
[3.149s]    47 |         [01;31m[Kuse_height_extrapolation_[m[K = this->get_parameter("use_height_extrapolation").as_bool();
[3.150s]       |         [01;31m[K^~~~~~~~~~~~~~~~~~~~~~~~~[m[K
[3.159s] [01m[K/ws/src/voxel_detector/voxel_detector/src/dbscan_detector_node.cpp:49:9:[m[K [01;31m[Kerror: [m[Kâ€˜[01m[Kroi_min_x_[m[Kâ€™ was not declared in this scope
[3.159s]    49 |         [01;31m[Kroi_min_x_[m[K = this->get_parameter("roi_min_x").as_double();
[3.159s]       |         [01;31m[K^~~~~~~~~~[m[K
[3.169s] [01m[K/ws/src/voxel_detector/voxel_detector/src/dbscan_detector_node.cpp:50:9:[m[K [01;31m[Kerror: [m[Kâ€˜[01m[Kroi_max_x_[m[Kâ€™ was not declared in this scope
[3.169s]    50 |         [01;31m[Kroi_max_x_[m[K = this->get_parameter("roi_max_x").as_double();
[3.169s]       |         [01;31m[K^~~~~~~~~~[m[K
[3.179s] [01m[K/ws/src/voxel_detector/voxel_detector/src/dbscan_detector_node.cpp:51:9:[m[K [01;31m[Kerror: [m[Kâ€˜[01m[Kroi_min_y_[m[Kâ€™ was not declared in this scope
[3.179s]    51 |         [01;31m[Kroi_min_y_[m[K = this->get_parameter("roi_min_y").as_double();
[3.179s]       |         [01;31m[K^~~~~~~~~~[m[K
[3.189s] [01m[K/ws/src/voxel_detector/voxel_detector/src/dbscan_detector_node.cpp:52:9:[m[K [01;31m[Kerror: [m[Kâ€˜[01m[Kroi_max_y_[m[Kâ€™ was not declared in this scope
[3.189s]    52 |         [01;31m[Kroi_max_y_[m[K = this->get_parameter("roi_max_y").as_double();
[3.189s]       |         [01;31m[K^~~~~~~~~~[m[K
[3.201s] [01m[K/ws/src/voxel_detector/voxel_detector/src/dbscan_detector_node.cpp:53:9:[m[K [01;31m[Kerror: [m[Kâ€˜[01m[Kuse_roi_filter_[m[Kâ€™ was not declared in this scope
[3.201s]    53 |         [01;31m[Kuse_roi_filter_[m[K = this->get_parameter("use_roi_filter").as_bool();
[3.201s]       |         [01;31m[K^~~~~~~~~~~~~~~[m[K
[3.207s] [01m[K/ws/src/voxel_detector/voxel_detector/src/dbscan_detector_node.cpp:56:9:[m[K [01;31m[Kerror: [m[Kâ€˜[01m[Ksub_[m[Kâ€™ was not declared in this scope
[3.207s]    56 |         [01;31m[Ksub_[m[K = this->create_subscription<sensor_msgs::msg::PointCloud2>(
[3.207s]       |         [01;31m[K^~~~[m[K
[3.207s] [01m[K/ws/src/voxel_detector/voxel_detector/src/dbscan_detector_node.cpp:58:44:[m[K [01;31m[Kerror: [m[Kâ€˜[01m[KcloudCallback[m[Kâ€™ is not a member of â€˜[01m[KDBSCANDetectorNode[m[Kâ€™
[3.207s]    58 |             std::bind(&DBSCANDetectorNode::[01;31m[KcloudCallback[m[K, this, std::placeholders::_1));
[3.207s]       |                                            [01;31m[K^~~~~~~~~~~~~[m[K
[3.213s] [01m[K/ws/src/voxel_detector/voxel_detector/src/dbscan_detector_node.cpp:60:9:[m[K [01;31m[Kerror: [m[Kâ€˜[01m[Kpub_[m[Kâ€™ was not declared in this scope
[3.213s]    60 |         [01;31m[Kpub_[m[K = this->create_publisher<visualization_msgs::msg::MarkerArray>(
[3.213s]       |         [01;31m[K^~~~[m[K
[3.229s] [01m[K/ws/src/voxel_detector/voxel_detector/src/dbscan_detector_node.cpp:[m[K In member function â€˜[01m[Kpcl::PointCloud<pcl::PointXYZ>::Ptr DBSCANDetectorNode::downsampleCloud(const Ptr&)[m[Kâ€™:
[3.229s] [01m[K/ws/src/voxel_detector/voxel_detector/src/dbscan_detector_node.cpp:87:13:[m[K [01;31m[Kerror: [m[Kâ€˜[01m[Kleaf_size_[m[Kâ€™ was not declared in this scope
[3.229s]    87 |         if ([01;31m[Kleaf_size_[m[K > 0.0) {
[3.229s]       |             [01;31m[K^~~~~~~~~~[m[K
[3.249s] [01m[K/ws/src/voxel_detector/voxel_detector/src/dbscan_detector_node.cpp:[m[K In member function â€˜[01m[Kpcl::PointCloud<pcl::PointXYZ>::Ptr DBSCANDetectorNode::removeGroundPlane(const Ptr&)[m[Kâ€™:
[3.249s] [01m[K/ws/src/voxel_detector/voxel_detector/src/dbscan_detector_node.cpp:105:37:[m[K [01;31m[Kerror: [m[Kâ€˜[01m[Kransac_thresh_[m[Kâ€™ was not declared in this scope
[3.249s]   105 |         ransac.setDistanceThreshold([01;31m[Kransac_thresh_[m[K);
[3.249s]       |                                     [01;31m[K^~~~~~~~~~~~~~[m[K
[3.260s] [01m[K/ws/src/voxel_detector/voxel_detector/src/dbscan_detector_node.cpp:106:33:[m[K [01;31m[Kerror: [m[Kâ€˜[01m[Kransac_iter_[m[Kâ€™ was not declared in this scope
[3.260s]   106 |         ransac.setMaxIterations([01;31m[Kransac_iter_[m[K);
[3.260s]       |                                 [01;31m[K^~~~~~~~~~~~[m[K
[3.271s] [01m[K/ws/src/voxel_detector/voxel_detector/src/dbscan_detector_node.cpp:124:28:[m[K [01;31m[Kerror: [m[Kâ€˜[01m[Kmax_z_[m[Kâ€™ was not declared in this scope
[3.271s]   124 |             if (point.z >= [01;31m[Kmax_z_[m[K) continue;
[3.271s]       |                            [01;31m[K^~~~~~[m[K
[3.283s] [01m[K/ws/src/voxel_detector/voxel_detector/src/dbscan_detector_node.cpp:127:17:[m[K [01;31m[Kerror: [m[Kâ€˜[01m[Kuse_roi_filter_[m[Kâ€™ was not declared in this scope
[3.283s]   127 |             if ([01;31m[Kuse_roi_filter_[m[K) {
[3.283s]       |                 [01;31m[K^~~~~~~~~~~~~~~[m[K
[3.294s] [01m[K/ws/src/voxel_detector/voxel_detector/src/dbscan_detector_node.cpp:128:31:[m[K [01;31m[Kerror: [m[Kâ€˜[01m[Kroi_min_x_[m[Kâ€™ was not declared in this scope
[3.294s]   128 |                 if (point.x < [01;31m[Kroi_min_x_[m[K || point.x > roi_max_x_) continue;
[3.294s]       |                               [01;31m[K^~~~~~~~~~[m[K
[3.303s] [01m[K/ws/src/voxel_detector/voxel_detector/src/dbscan_detector_node.cpp:128:55:[m[K [01;31m[Kerror: [m[Kâ€˜[01m[Kroi_max_x_[m[Kâ€™ was not declared in this scope
[3.303s]   128 |                 if (point.x < roi_min_x_ || point.x > [01;31m[Kroi_max_x_[m[K) continue;
[3.303s]       |                                                       [01;31m[K^~~~~~~~~~[m[K
[3.313s] [01m[K/ws/src/voxel_detector/voxel_detector/src/dbscan_detector_node.cpp:129:31:[m[K [01;31m[Kerror: [m[Kâ€˜[01m[Kroi_min_y_[m[Kâ€™ was not declared in this scope
[3.313s]   129 |                 if (point.y < [01;31m[Kroi_min_y_[m[K || point.y > roi_max_y_) continue;
[3.313s]       |                               [01;31m[K^~~~~~~~~~[m[K
[3.322s] [01m[K/ws/src/voxel_detector/voxel_detector/src/dbscan_detector_node.cpp:129:55:[m[K [01;31m[Kerror: [m[Kâ€˜[01m[Kroi_max_y_[m[Kâ€™ was not declared in this scope
[3.322s]   129 |                 if (point.y < roi_min_y_ || point.y > [01;31m[Kroi_max_y_[m[K) continue;
[3.322s]       |                                                       [01;31m[K^~~~~~~~~~[m[K
[3.322s] [01m[K/ws/src/voxel_detector/voxel_detector/src/dbscan_detector_node.cpp:134:9:[m[K [01;35m[Kwarning: [m[Kno return statement in function returning non-void [[01;35m[K]8;;https://gcc.gnu.org/onlinedocs/gcc/Warning-Options.html#index-Wreturn-type-Wreturn-type]8;;[m[K]
[3.322s]   134 |         [01;35m[K}[m[K
[3.322s]       |         [01;35m[K^[m[K
[3.322s] [01m[K/ws/src/voxel_detector/voxel_detector/src/dbscan_detector_node.cpp:[m[K At global scope:
[3.322s] [01m[K/ws/src/voxel_detector/voxel_detector/src/dbscan_detector_node.cpp:139:36:[m[K [01;31m[Kerror: [m[Kinvalid declarator before â€˜[01m[KdbscanClustering[m[Kâ€™
[3.322s]   139 |     std::vector<pcl::PointIndices> [01;31m[KdbscanClustering[m[K(
[3.322s]       |                                    [01;31m[K^~~~~~~~~~~~~~~~[m[K
[3.325s] [01m[K/ws/src/voxel_detector/voxel_detector/src/dbscan_detector_node.cpp:221:5:[m[K [01;31m[Kerror: [m[Kâ€˜[01m[KBoundingBox[m[Kâ€™ does not name a type
[3.325s]   221 |     [01;31m[KBoundingBox[m[K computeBoundingBox(
[3.325s]       |     [01;31m[K^~~~~~~~~~~[m[K
[3.334s] [01m[K/ws/src/voxel_detector/voxel_detector/src/dbscan_detector_node.cpp:[m[K In function â€˜[01m[Kvoid cloudCallback(sensor_msgs::msg::PointCloud2_<std::allocator<void> >::SharedPtr)[m[Kâ€™:
[3.334s] [01m[K/ws/src/voxel_detector/voxel_detector/src/dbscan_detector_node.cpp:264:59:[m[K [01;31m[Kerror: [m[Kâ€˜[01m[KdownsampleCloud[m[Kâ€™ was not declared in this scope; did you mean â€˜[01m[Kdownsampled[m[Kâ€™?
[3.334s]   264 |         pcl::PointCloud<pcl::PointXYZ>::Ptr downsampled = [01;31m[KdownsampleCloud[m[K(cloud);
[3.334s]       |                                                           [01;31m[K^~~~~~~~~~~~~~~[m[K
[3.334s]       |                                                           [32m[Kdownsampled[m[K
[3.344s] [01m[K/ws/src/voxel_detector/voxel_detector/src/dbscan_detector_node.cpp:267:56:[m[K [01;31m[Kerror: [m[Kâ€˜[01m[KremoveGroundPlane[m[Kâ€™ was not declared in this scope
[3.344s]   267 |         pcl::PointCloud<pcl::PointXYZ>::Ptr filtered = [01;31m[KremoveGroundPlane[m[K(downsampled);
[3.344s]       |                                                        [01;31m[K^~~~~~~~~~~~~~~~~[m[K
[3.344s] In file included from [01m[K/opt/ros/humble/include/rclcpp/rclcpp/client.hpp:40[m[K,
[3.344s]                  from [01m[K/opt/ros/humble/include/rclcpp/rclcpp/callback_group.hpp:24[m[K,
[3.344s]                  from [01m[K/opt/ros/humble/include/rclcpp/rclcpp/any_executable.hpp:20[m[K,
[3.344s]                  from [01m[K/opt/ros/humble/include/rclcpp/rclcpp/memory_strategy.hpp:25[m[K,
[3.344s]                  from [01m[K/opt/ros/humble/include/rclcpp/rclcpp/memory_strategies.hpp:18[m[K,
[3.344s]                  from [01m[K/opt/ros/humble/include/rclcpp/rclcpp/executor_options.hpp:20[m[K,
[3.344s]                  from [01m[K/opt/ros/humble/include/rclcpp/rclcpp/executor.hpp:37[m[K,
[3.344s]                  from [01m[K/opt/ros/humble/include/rclcpp/rclcpp/executors/multi_threaded_executor.hpp:25[m[K,
[3.345s]                  from [01m[K/opt/ros/humble/include/rclcpp/rclcpp/executors.hpp:21[m[K,
[3.345s]                  from [01m[K/opt/ros/humble/include/rclcpp/rclcpp/rclcpp.hpp:155[m[K,
[3.345s]                  from [01m[K/ws/src/voxel_detector/voxel_detector/src/dbscan_detector_node.cpp:1[m[K:
[3.345s] [01m[K/ws/src/voxel_detector/voxel_detector/src/dbscan_detector_node.cpp:270:25:[m[K [01;31m[Kerror: [m[Kinvalid use of â€˜[01m[Kthis[m[Kâ€™ in non-member function
[3.345s]   270 |             RCLCPP_WARN([01;31m[Kthis[m[K->get_logger(), "No points after ground removal");
[3.345s]       |                         [01;31m[K^~~~[m[K
[3.345s] [01m[K/ws/src/voxel_detector/voxel_detector/src/dbscan_detector_node.cpp:270:25:[m[K [01;31m[Kerror: [m[Kinvalid use of â€˜[01m[Kthis[m[Kâ€™ in non-member function
[3.345s] [01m[K/ws/src/voxel_detector/voxel_detector/src/dbscan_detector_node.cpp:270:13:[m[K [01;31m[Kerror: [m[Ktemplate argument 1 is invalid
[3.345s]   270 |             [01;31m[KRCLCPP_WARN[m[K(this->get_logger(), "No points after ground removal");
[3.345s]       |             [01;31m[K^~~~~~~~~~~[m[K
[3.345s] In file included from [01m[K/opt/ros/humble/include/rclcpp/rclcpp/logging.hpp:24[m[K,
[3.345s]                  from [01m[K/opt/ros/humble/include/rclcpp/rclcpp/client.hpp:40[m[K,
[3.345s]                  from [01m[K/opt/ros/humble/include/rclcpp/rclcpp/callback_group.hpp:24[m[K,
[3.345s]                  from [01m[K/opt/ros/humble/include/rclcpp/rclcpp/any_executable.hpp:20[m[K,
[3.345s]                  from [01m[K/opt/ros/humble/include/rclcpp/rclcpp/memory_strategy.hpp:25[m[K,
[3.345s]                  from [01m[K/opt/ros/humble/include/rclcpp/rclcpp/memory_strategies.hpp:18[m[K,
[3.345s]                  from [01m[K/opt/ros/humble/include/rclcpp/rclcpp/executor_options.hpp:20[m[K,
[3.345s]                  from [01m[K/opt/ros/humble/include/rclcpp/rclcpp/executor.hpp:37[m[K,
[3.345s]                  from [01m[K/opt/ros/humble/include/rclcpp/rclcpp/executors/multi_threaded_executor.hpp:25[m[K,
[3.345s]                  from [01m[K/opt/ros/humble/include/rclcpp/rclcpp/executors.hpp:21[m[K,
[3.345s]                  from [01m[K/opt/ros/humble/include/rclcpp/rclcpp/rclcpp.hpp:155[m[K,
[3.345s]                  from [01m[K/ws/src/voxel_detector/voxel_detector/src/dbscan_detector_node.cpp:1[m[K:
[3.345s] [01m[K/ws/src/voxel_detector/voxel_detector/src/dbscan_detector_node.cpp:270:25:[m[K [01;31m[Kerror: [m[Kinvalid use of â€˜[01m[Kthis[m[Kâ€™ in non-member function
[3.345s]   270 |             RCLCPP_WARN([01;31m[Kthis[m[K->get_logger(), "No points after ground removal");
[3.345s]       |                         [01;31m[K^~~~[m[K
[3.345s] [01m[K/ws/src/voxel_detector/voxel_detector/src/dbscan_detector_node.cpp:270:25:[m[K [01;31m[Kerror: [m[Kinvalid use of â€˜[01m[Kthis[m[Kâ€™ in non-member function
[3.345s]   270 |             RCLCPP_WARN([01;31m[Kthis[m[K->get_logger(), "No points after ground removal");
[3.345s]       |                         [01;31m[K^~~~[m[K
[3.354s] [01m[K/ws/src/voxel_detector/voxel_detector/src/dbscan_detector_node.cpp:275:51:[m[K [01;31m[Kerror: [m[Kâ€˜[01m[KdbscanClustering[m[Kâ€™ was not declared in this scope
[3.354s]   275 |         std::vector<pcl::PointIndices> clusters = [01;31m[KdbscanClustering[m[K(filtered);
[3.354s]       |                                                   [01;31m[K^~~~~~~~~~~~~~~~[m[K
[3.361s] [01m[K/ws/src/voxel_detector/voxel_detector/src/dbscan_detector_node.cpp:278:21:[m[K [01;31m[Kerror: [m[Kâ€˜[01m[KBoundingBox[m[Kâ€™ was not declared in this scope
[3.361s]   278 |         std::vector<[01;31m[KBoundingBox[m[K> bboxes;
[3.361s]       |                     [01;31m[K^~~~~~~~~~~[m[K
[3.361s] [01m[K/ws/src/voxel_detector/voxel_detector/src/dbscan_detector_node.cpp:278:32:[m[K [01;31m[Kerror: [m[Ktemplate argument 1 is invalid
[3.361s]   278 |         std::vector<BoundingBox[01;31m[K>[m[K bboxes;
[3.361s]       |                                [01;31m[K^[m[K
[3.361s] [01m[K/ws/src/voxel_detector/voxel_detector/src/dbscan_detector_node.cpp:278:32:[m[K [01;31m[Kerror: [m[Ktemplate argument 2 is invalid
[3.361s] [01m[K/ws/src/voxel_detector/voxel_detector/src/dbscan_detector_node.cpp:280:20:[m[K [01;31m[Kerror: [m[Krequest for member â€˜[01m[Kpush_back[m[Kâ€™ in â€˜[01m[Kbboxes[m[Kâ€™, which is of non-class type â€˜[01m[Kint[m[Kâ€™
[3.361s]   280 |             bboxes.[01;31m[Kpush_back[m[K(computeBoundingBox(filtered, cluster));
[3.361s]       |                    [01;31m[K^~~~~~~~~[m[K
[3.372s] [01m[K/ws/src/voxel_detector/voxel_detector/src/dbscan_detector_node.cpp:280:30:[m[K [01;31m[Kerror: [m[Kâ€˜[01m[KcomputeBoundingBox[m[Kâ€™ was not declared in this scope
[3.372s]   280 |             bboxes.push_back([01;31m[KcomputeBoundingBox[m[K(filtered, cluster));
[3.372s]       |                              [01;31m[K^~~~~~~~~~~~~~~~~~[m[K
[3.385s] [01m[K/ws/src/voxel_detector/voxel_detector/src/dbscan_detector_node.cpp:284:9:[m[K [01;31m[Kerror: [m[Kâ€˜[01m[KpublishBoundingBoxes[m[Kâ€™ was not declared in this scope
[3.385s]   284 |         [01;31m[KpublishBoundingBoxes[m[K(bboxes, msg->header);
[3.385s]       |         [01;31m[K^~~~~~~~~~~~~~~~~~~~[m[K
[3.386s] In file included from [01m[K/opt/ros/humble/include/rclcpp/rclcpp/client.hpp:40[m[K,
[3.386s]                  from [01m[K/opt/ros/humble/include/rclcpp/rclcpp/callback_group.hpp:24[m[K,
[3.386s]                  from [01m[K/opt/ros/humble/include/rclcpp/rclcpp/any_executable.hpp:20[m[K,
[3.386s]                  from [01m[K/opt/ros/humble/include/rclcpp/rclcpp/memory_strategy.hpp:25[m[K,
[3.386s]                  from [01m[K/opt/ros/humble/include/rclcpp/rclcpp/memory_strategies.hpp:18[m[K,
[3.386s]                  from [01m[K/opt/ros/humble/include/rclcpp/rclcpp/executor_options.hpp:20[m[K,
[3.386s]                  from [01m[K/opt/ros/humble/include/rclcpp/rclcpp/executor.hpp:37[m[K,
[3.386s]                  from [01m[K/opt/ros/humble/include/rclcpp/rclcpp/executors/multi_threaded_executor.hpp:25[m[K,
[3.386s]                  from [01m[K/opt/ros/humble/include/rclcpp/rclcpp/executors.hpp:21[m[K,
[3.386s]                  from [01m[K/opt/ros/humble/include/rclcpp/rclcpp/rclcpp.hpp:155[m[K,
[3.386s]                  from [01m[K/ws/src/voxel_detector/voxel_detector/src/dbscan_detector_node.cpp:1[m[K:
[3.386s] [01m[K/ws/src/voxel_detector/voxel_detector/src/dbscan_detector_node.cpp:289:21:[m[K [01;31m[Kerror: [m[Kinvalid use of â€˜[01m[Kthis[m[Kâ€™ in non-member function
[3.386s]   289 |         RCLCPP_INFO([01;31m[Kthis[m[K->get_logger(),
[3.386s]       |                     [01;31m[K^~~~[m[K
[3.386s] [01m[K/ws/src/voxel_detector/voxel_detector/src/dbscan_detector_node.cpp:289:21:[m[K [01;31m[Kerror: [m[Kinvalid use of â€˜[01m[Kthis[m[Kâ€™ in non-member function
[3.387s] [01m[K/ws/src/voxel_detector/voxel_detector/src/dbscan_detector_node.cpp:289:9:[m[K [01;31m[Kerror: [m[Ktemplate argument 1 is invalid
[3.387s]   289 |         [01;31m[KRCLCPP_INFO[m[K(this->get_logger(),
[3.387s]       |         [01;31m[K^~~~~~~~~~~[m[K
[3.387s] In file included from [01m[K/opt/ros/humble/include/rclcpp/rclcpp/logging.hpp:24[m[K,
[3.387s]                  from [01m[K/opt/ros/humble/include/rclcpp/rclcpp/client.hpp:40[m[K,
[3.387s]                  from [01m[K/opt/ros/humble/include/rclcpp/rclcpp/callback_group.hpp:24[m[K,
[3.387s]                  from [01m[K/opt/ros/humble/include/rclcpp/rclcpp/any_executable.hpp:20[m[K,
[3.387s]                  from [01m[K/opt/ros/humble/include/rclcpp/rclcpp/memory_strategy.hpp:25[m[K,
[3.387s]                  from [01m[K/opt/ros/humble/include/rclcpp/rclcpp/memory_strategies.hpp:18[m[K,
[3.387s]                  from [01m[K/opt/ros/humble/include/rclcpp/rclcpp/executor_options.hpp:20[m[K,
[3.387s]                  from [01m[K/opt/ros/humble/include/rclcpp/rclcpp/executor.hpp:37[m[K,
[3.387s]                  from [01m[K/opt/ros/humble/include/rclcpp/rclcpp/executors/multi_threaded_executor.hpp:25[m[K,
[3.387s]                  from [01m[K/opt/ros/humble/include/rclcpp/rclcpp/executors.hpp:21[m[K,
[3.387s]                  from [01m[K/opt/ros/humble/include/rclcpp/rclcpp/rclcpp.hpp:155[m[K,
[3.387s]                  from [01m[K/ws/src/voxel_detector/voxel_detector/src/dbscan_detector_node.cpp:1[m[K:
[3.387s] [01m[K/ws/src/voxel_detector/voxel_detector/src/dbscan_detector_node.cpp:289:21:[m[K [01;31m[Kerror: [m[Kinvalid use of â€˜[01m[Kthis[m[Kâ€™ in non-member function
[3.387s]   289 |         RCLCPP_INFO([01;31m[Kthis[m[K->get_logger(),
[3.387s]       |                     [01;31m[K^~~~[m[K
[3.387s] [01m[K/ws/src/voxel_detector/voxel_detector/src/dbscan_detector_node.cpp:289:21:[m[K [01;31m[Kerror: [m[Kinvalid use of â€˜[01m[Kthis[m[Kâ€™ in non-member function
[3.387s]   289 |         RCLCPP_INFO([01;31m[Kthis[m[K->get_logger(),
[3.387s]       |                     [01;31m[K^~~~[m[K
[3.387s] [01m[K/ws/src/voxel_detector/voxel_detector/src/dbscan_detector_node.cpp:292:28:[m[K [01;31m[Kerror: [m[Krequest for member â€˜[01m[Ksize[m[Kâ€™ in â€˜[01m[Kbboxes[m[Kâ€™, which is of non-class type â€˜[01m[Kint[m[Kâ€™
[3.387s]   292 |                     bboxes.[01;31m[Ksize[m[K(), duration.count(), 1000.0 / duration.count());
[3.387s]       |                            [01;31m[K^~~~[m[K
[3.393s] [01m[K/ws/src/voxel_detector/voxel_detector/src/dbscan_detector_node.cpp:[m[K At global scope:
[3.393s] [01m[K/ws/src/voxel_detector/voxel_detector/src/dbscan_detector_node.cpp:295:49:[m[K [01;31m[Kerror: [m[Kâ€˜[01m[KBoundingBox[m[Kâ€™ was not declared in this scope
[3.393s]   295 |     void publishBoundingBoxes(const std::vector<[01;31m[KBoundingBox[m[K>& bboxes,
[3.393s]       |                                                 [01;31m[K^~~~~~~~~~~[m[K
[3.393s] [01m[K/ws/src/voxel_detector/voxel_detector/src/dbscan_detector_node.cpp:295:60:[m[K [01;31m[Kerror: [m[Ktemplate argument 1 is invalid
[3.393s]   295 |     void publishBoundingBoxes(const std::vector<BoundingBox[01;31m[K>[m[K& bboxes,
[3.393s]       |                                                            [01;31m[K^[m[K
[3.393s] [01m[K/ws/src/voxel_detector/voxel_detector/src/dbscan_detector_node.cpp:295:60:[m[K [01;31m[Kerror: [m[Ktemplate argument 2 is invalid
[3.394s] [01m[K/ws/src/voxel_detector/voxel_detector/src/dbscan_detector_node.cpp:[m[K In function â€˜[01m[Kvoid publishBoundingBoxes(const int&, const Header&)[m[Kâ€™:
[3.394s] [01m[K/ws/src/voxel_detector/voxel_detector/src/dbscan_detector_node.cpp:300:39:[m[K [01;31m[Kerror: [m[Krequest for member â€˜[01m[Ksize[m[Kâ€™ in â€˜[01m[Kbboxes[m[Kâ€™, which is of non-class type â€˜[01m[Kconst int[m[Kâ€™
[3.394s]   300 |         for (size_t i = 0; i < bboxes.[01;31m[Ksize[m[K(); ++i) {
[3.394s]       |                                       [01;31m[K^~~~[m[K
[3.394s] [01m[K/ws/src/voxel_detector/voxel_detector/src/dbscan_detector_node.cpp:301:38:[m[K [01;31m[Kerror: [m[Kinvalid types â€˜[01m[Kconst int[size_t {aka long unsigned int}][m[Kâ€™ for array subscript
[3.394s]   301 |             const auto& bbox = bboxes[01;31m[K[[m[Ki];
[3.394s]       |                                      [01;31m[K^[m[K
[3.397s] [01m[K/ws/src/voxel_detector/voxel_detector/src/dbscan_detector_node.cpp:357:9:[m[K [01;31m[Kerror: [m[Kâ€˜[01m[Kpub_[m[Kâ€™ was not declared in this scope
[3.397s]   357 |         [01;31m[Kpub_[m[K->publish(marker_array);
[3.397s]       |         [01;31m[K^~~~[m[K
[3.419s] [01m[K/ws/src/voxel_detector/voxel_detector/src/dbscan_detector_node.cpp:[m[K At global scope:
[3.419s] [01m[K/ws/src/voxel_detector/voxel_detector/src/dbscan_detector_node.cpp:379:1:[m[K [01;31m[Kerror: [m[Kexpected declaration before â€˜[01m[K}[m[Kâ€™ token
[3.419s]   379 | [01;31m[K}[m[K;
[3.419s]       | [01;31m[K^[m[K
[4.021s] gmake[2]: *** [CMakeFiles/dbscan_detector_node.dir/build.make:79: CMakeFiles/dbscan_detector_node.dir/src/dbscan_detector_node.cpp.o] Error 1
[4.021s] gmake[2]: Leaving directory '/ws/build/voxel_detector'
[4.021s] gmake[1]: Leaving directory '/ws/build/voxel_detector'
[4.021s] gmake[1]: *** [CMakeFiles/Makefile2:196: CMakeFiles/dbscan_detector_node.dir/all] Error 2
[4.022s] gmake: *** [Makefile:149: all] Error 2
[4.024s] Invoked command in '/ws/build/voxel_detector' returned '2': CMAKE_PREFIX_PATH=${CMAKE_PREFIX_PATH}:/opt/ros/humble /usr/bin/cmake --build /ws/build/voxel_detector -- -j5 -l5
